{"C:\\Users\\Will\\Documents\\TESIS FINAL\\frontend-tesis\\src\\autenticacion\\AuthContext.jsx": {"path":"C:\\Users\\Will\\Documents\\TESIS FINAL\\frontend-tesis\\src\\autenticacion\\AuthContext.jsx","statementMap":{"0":{"start":{"line":4,"column":6},"end":{"line":4,"column":35}},"1":{"start":{"line":6,"column":13},"end":{"line":71,"column":null}},"2":{"start":{"line":7,"column":15},"end":{"line":7,"column":40}},"3":{"start":{"line":8,"column":18},"end":{"line":8,"column":46}},"4":{"start":{"line":10,"column":2},"end":{"line":24,"column":null}},"5":{"start":{"line":11,"column":10},"end":{"line":19,"column":null}},"6":{"start":{"line":12,"column":6},"end":{"line":19,"column":null}},"7":{"start":{"line":13,"column":25},"end":{"line":13,"column":53}},"8":{"start":{"line":14,"column":8},"end":{"line":14,"column":null}},"9":{"start":{"line":16,"column":8},"end":{"line":16,"column":null}},"10":{"start":{"line":17,"column":8},"end":{"line":17,"column":null}},"11":{"start":{"line":19,"column":8},"end":{"line":19,"column":null}},"12":{"start":{"line":23,"column":4},"end":{"line":23,"column":null}},"13":{"start":{"line":26,"column":16},"end":{"line":35,"column":null}},"14":{"start":{"line":27,"column":4},"end":{"line":35,"column":null}},"15":{"start":{"line":28,"column":19},"end":{"line":28,"column":59}},"16":{"start":{"line":29,"column":6},"end":{"line":29,"column":null}},"17":{"start":{"line":30,"column":6},"end":{"line":30,"column":null}},"18":{"start":{"line":32,"column":6},"end":{"line":35,"column":null}},"19":{"start":{"line":39,"column":8},"end":{"line":41,"column":null}},"20":{"start":{"line":40,"column":4},"end":{"line":40,"column":null}},"21":{"start":{"line":41,"column":4},"end":{"line":41,"column":null}},"22":{"start":{"line":44,"column":19},"end":{"line":52,"column":null}},"23":{"start":{"line":45,"column":4},"end":{"line":52,"column":null}},"24":{"start":{"line":46,"column":6},"end":{"line":46,"column":null}},"25":{"start":{"line":47,"column":6},"end":{"line":47,"column":null}},"26":{"start":{"line":49,"column":6},"end":{"line":52,"column":null}},"27":{"start":{"line":56,"column":8},"end":{"line":56,"column":null}},"28":{"start":{"line":56,"column":29},"end":{"line":56,"column":null}},"29":{"start":{"line":57,"column":8},"end":{"line":57,"column":null}},"30":{"start":{"line":57,"column":26},"end":{"line":57,"column":null}},"31":{"start":{"line":58,"column":8},"end":{"line":58,"column":null}},"32":{"start":{"line":58,"column":24},"end":{"line":58,"column":null}},"33":{"start":{"line":60,"column":16},"end":{"line":69,"column":null}},"34":{"start":{"line":71,"column":2},"end":{"line":71,"column":null}},"35":{"start":{"line":74,"column":13},"end":{"line":79,"column":null}},"36":{"start":{"line":75,"column":8},"end":{"line":75,"column":41}},"37":{"start":{"line":76,"column":2},"end":{"line":77,"column":null}},"38":{"start":{"line":77,"column":4},"end":{"line":77,"column":null}},"39":{"start":{"line":79,"column":2},"end":{"line":79,"column":null}}},"fnMap":{"0":{"name":"(anonymous_0)","decl":{"start":{"line":6,"column":13},"end":{"line":6,"column":29}},"loc":{"start":{"line":6,"column":46},"end":{"line":71,"column":null}},"line":6},"1":{"name":"(anonymous_1)","decl":{"start":{"line":10,"column":2},"end":{"line":10,"column":18}},"loc":{"start":{"line":10,"column":18},"end":{"line":24,"column":7}},"line":10},"2":{"name":"(anonymous_2)","decl":{"start":{"line":11,"column":10},"end":{"line":11,"column":27}},"loc":{"start":{"line":11,"column":27},"end":{"line":19,"column":null}},"line":11},"3":{"name":"(anonymous_3)","decl":{"start":{"line":26,"column":16},"end":{"line":26,"column":23}},"loc":{"start":{"line":26,"column":43},"end":{"line":35,"column":null}},"line":26},"4":{"name":"(anonymous_4)","decl":{"start":{"line":39,"column":8},"end":{"line":39,"column":23}},"loc":{"start":{"line":39,"column":23},"end":{"line":41,"column":null}},"line":39},"5":{"name":"(anonymous_5)","decl":{"start":{"line":44,"column":19},"end":{"line":44,"column":26}},"loc":{"start":{"line":44,"column":68},"end":{"line":52,"column":null}},"line":44},"6":{"name":"(anonymous_6)","decl":{"start":{"line":56,"column":8},"end":{"line":56,"column":29}},"loc":{"start":{"line":56,"column":29},"end":{"line":56,"column":null}},"line":56},"7":{"name":"(anonymous_7)","decl":{"start":{"line":57,"column":8},"end":{"line":57,"column":26}},"loc":{"start":{"line":57,"column":26},"end":{"line":57,"column":null}},"line":57},"8":{"name":"(anonymous_8)","decl":{"start":{"line":58,"column":8},"end":{"line":58,"column":24}},"loc":{"start":{"line":58,"column":24},"end":{"line":58,"column":null}},"line":58},"9":{"name":"(anonymous_9)","decl":{"start":{"line":74,"column":13},"end":{"line":74,"column":29}},"loc":{"start":{"line":74,"column":29},"end":{"line":79,"column":null}},"line":74}},"branchMap":{"0":{"loc":{"start":{"line":34,"column":17},"end":{"line":34,"column":null}},"type":"binary-expr","locations":[{"start":{"line":34,"column":17},"end":{"line":34,"column":48}},{"start":{"line":34,"column":48},"end":{"line":34,"column":null}}],"line":34},"1":{"loc":{"start":{"line":51,"column":17},"end":{"line":51,"column":null}},"type":"binary-expr","locations":[{"start":{"line":51,"column":17},"end":{"line":51,"column":48}},{"start":{"line":51,"column":48},"end":{"line":51,"column":null}}],"line":51},"2":{"loc":{"start":{"line":76,"column":2},"end":{"line":77,"column":null}},"type":"if","locations":[{"start":{"line":76,"column":2},"end":{"line":77,"column":null}},{"start":{},"end":{}}],"line":76}},"s":{"0":1,"1":1,"2":4,"3":4,"4":4,"5":2,"6":2,"7":2,"8":2,"9":0,"10":0,"11":2,"12":2,"13":4,"14":0,"15":0,"16":0,"17":0,"18":0,"19":4,"20":0,"21":0,"22":4,"23":0,"24":0,"25":0,"26":0,"27":4,"28":0,"29":4,"30":0,"31":4,"32":0,"33":4,"34":4,"35":1,"36":4,"37":4,"38":0,"39":4},"f":{"0":4,"1":2,"2":2,"3":0,"4":0,"5":0,"6":0,"7":0,"8":0,"9":4},"b":{"0":[0,0],"1":[0,0],"2":[0,4]},"meta":{"lastBranch":3,"lastFunction":10,"lastStatement":40,"seen":{"s:4:6:4:35":0,"s:6:13:71:Infinity":1,"f:6:13:6:29":0,"s:7:15:7:40":2,"s:8:18:8:46":3,"s:10:2:24:Infinity":4,"f:10:2:10:18":1,"s:11:10:19:Infinity":5,"f:11:10:11:27":2,"s:12:6:19:Infinity":6,"s:13:25:13:53":7,"s:14:8:14:Infinity":8,"s:16:8:16:Infinity":9,"s:17:8:17:Infinity":10,"s:19:8:19:Infinity":11,"s:23:4:23:Infinity":12,"s:26:16:35:Infinity":13,"f:26:16:26:23":3,"s:27:4:35:Infinity":14,"s:28:19:28:59":15,"s:29:6:29:Infinity":16,"s:30:6:30:Infinity":17,"s:32:6:35:Infinity":18,"b:34:17:34:48:34:48:34:Infinity":0,"s:39:8:41:Infinity":19,"f:39:8:39:23":4,"s:40:4:40:Infinity":20,"s:41:4:41:Infinity":21,"s:44:19:52:Infinity":22,"f:44:19:44:26":5,"s:45:4:52:Infinity":23,"s:46:6:46:Infinity":24,"s:47:6:47:Infinity":25,"s:49:6:52:Infinity":26,"b:51:17:51:48:51:48:51:Infinity":1,"s:56:8:56:Infinity":27,"f:56:8:56:29":6,"s:56:29:56:Infinity":28,"s:57:8:57:Infinity":29,"f:57:8:57:26":7,"s:57:26:57:Infinity":30,"s:58:8:58:Infinity":31,"f:58:8:58:24":8,"s:58:24:58:Infinity":32,"s:60:16:69:Infinity":33,"s:71:2:71:Infinity":34,"s:74:13:79:Infinity":35,"f:74:13:74:29":9,"s:75:8:75:41":36,"b:76:2:77:Infinity:undefined:undefined:undefined:undefined":2,"s:76:2:77:Infinity":37,"s:77:4:77:Infinity":38,"s:79:2:79:Infinity":39}}}
,"C:\\Users\\Will\\Documents\\TESIS FINAL\\frontend-tesis\\src\\paginas\\Login.jsx": {"path":"C:\\Users\\Will\\Documents\\TESIS FINAL\\frontend-tesis\\src\\paginas\\Login.jsx","statementMap":{"0":{"start":{"line":6,"column":6},"end":{"line":83,"column":null}},"1":{"start":{"line":7,"column":16},"end":{"line":7,"column":40}},"2":{"start":{"line":8,"column":19},"end":{"line":8,"column":46}},"3":{"start":{"line":9,"column":18},"end":{"line":9,"column":47}},"4":{"start":{"line":10,"column":18},"end":{"line":10,"column":44}},"5":{"start":{"line":12,"column":8},"end":{"line":12,"column":32}},"6":{"start":{"line":13,"column":10},"end":{"line":13,"column":29}},"7":{"start":{"line":15,"column":22},"end":{"line":27,"column":null}},"8":{"start":{"line":16,"column":4},"end":{"line":16,"column":null}},"9":{"start":{"line":17,"column":4},"end":{"line":17,"column":null}},"10":{"start":{"line":18,"column":4},"end":{"line":18,"column":null}},"11":{"start":{"line":20,"column":19},"end":{"line":20,"column":47}},"12":{"start":{"line":22,"column":4},"end":{"line":22,"column":null}},"13":{"start":{"line":24,"column":4},"end":{"line":27,"column":null}},"14":{"start":{"line":25,"column":6},"end":{"line":25,"column":null}},"15":{"start":{"line":27,"column":6},"end":{"line":27,"column":null}},"16":{"start":{"line":31,"column":2},"end":{"line":83,"column":null}},"17":{"start":{"line":47,"column":31},"end":{"line":47,"column":55}},"18":{"start":{"line":62,"column":31},"end":{"line":62,"column":58}}},"fnMap":{"0":{"name":"(anonymous_0)","decl":{"start":{"line":6,"column":6},"end":{"line":6,"column":20}},"loc":{"start":{"line":6,"column":20},"end":{"line":83,"column":null}},"line":6},"1":{"name":"(anonymous_1)","decl":{"start":{"line":15,"column":22},"end":{"line":15,"column":29}},"loc":{"start":{"line":15,"column":35},"end":{"line":27,"column":null}},"line":15},"2":{"name":"(anonymous_2)","decl":{"start":{"line":47,"column":14},"end":{"line":47,"column":25}},"loc":{"start":{"line":47,"column":31},"end":{"line":47,"column":55}},"line":47},"3":{"name":"(anonymous_3)","decl":{"start":{"line":62,"column":14},"end":{"line":62,"column":25}},"loc":{"start":{"line":62,"column":31},"end":{"line":62,"column":58}},"line":62}},"branchMap":{"0":{"loc":{"start":{"line":24,"column":4},"end":{"line":27,"column":null}},"type":"if","locations":[{"start":{"line":24,"column":4},"end":{"line":27,"column":null}},{"start":{"line":26,"column":11},"end":{"line":27,"column":null}}],"line":24},"1":{"loc":{"start":{"line":70,"column":108},"end":{"line":70,"column":null}},"type":"cond-expr","locations":[{"start":{"line":70,"column":118},"end":{"line":70,"column":152}},{"start":{"line":70,"column":152},"end":{"line":70,"column":null}}],"line":70},"2":{"loc":{"start":{"line":74,"column":13},"end":{"line":74,"column":null}},"type":"cond-expr","locations":[{"start":{"line":74,"column":23},"end":{"line":74,"column":39}},{"start":{"line":74,"column":39},"end":{"line":74,"column":null}}],"line":74},"3":{"loc":{"start":{"line":76,"column":11},"end":{"line":79,"column":null}},"type":"binary-expr","locations":[{"start":{"line":76,"column":11},"end":{"line":76,"column":null}},{"start":{"line":77,"column":12},"end":{"line":79,"column":null}}],"line":76}},"s":{"0":1,"1":4,"2":4,"3":4,"4":4,"5":4,"6":4,"7":4,"8":0,"9":0,"10":0,"11":0,"12":0,"13":0,"14":0,"15":0,"16":4,"17":0,"18":0},"f":{"0":4,"1":0,"2":0,"3":0},"b":{"0":[0,0],"1":[0,4],"2":[0,4],"3":[4,0]},"meta":{"lastBranch":4,"lastFunction":4,"lastStatement":19,"seen":{"s:6:6:83:Infinity":0,"f:6:6:6:20":0,"s:7:16:7:40":1,"s:8:19:8:46":2,"s:9:18:9:47":3,"s:10:18:10:44":4,"s:12:8:12:32":5,"s:13:10:13:29":6,"s:15:22:27:Infinity":7,"f:15:22:15:29":1,"s:16:4:16:Infinity":8,"s:17:4:17:Infinity":9,"s:18:4:18:Infinity":10,"s:20:19:20:47":11,"s:22:4:22:Infinity":12,"b:24:4:27:Infinity:26:11:27:Infinity":0,"s:24:4:27:Infinity":13,"s:25:6:25:Infinity":14,"s:27:6:27:Infinity":15,"s:31:2:83:Infinity":16,"f:47:14:47:25":2,"s:47:31:47:55":17,"f:62:14:62:25":3,"s:62:31:62:58":18,"b:70:118:70:152:70:152:70:Infinity":1,"b:74:23:74:39:74:39:74:Infinity":2,"b:76:11:76:Infinity:77:12:79:Infinity":3}}}
,"C:\\Users\\Will\\Documents\\TESIS FINAL\\frontend-tesis\\src\\servicios\\auth.service.js": {"path":"C:\\Users\\Will\\Documents\\TESIS FINAL\\frontend-tesis\\src\\servicios\\auth.service.js","statementMap":{"0":{"start":{"line":3,"column":16},"end":{"line":3,"column":null}},"1":{"start":{"line":5,"column":6},"end":{"line":20,"column":null}},"2":{"start":{"line":6,"column":2},"end":{"line":20,"column":null}},"3":{"start":{"line":9,"column":19},"end":{"line":9,"column":null}},"4":{"start":{"line":11,"column":6},"end":{"line":17,"column":null}},"5":{"start":{"line":12,"column":25},"end":{"line":15,"column":null}},"6":{"start":{"line":16,"column":8},"end":{"line":16,"column":null}},"7":{"start":{"line":17,"column":8},"end":{"line":17,"column":null}},"8":{"start":{"line":19,"column":6},"end":{"line":19,"column":null}},"9":{"start":{"line":23,"column":6},"end":{"line":24,"column":null}},"10":{"start":{"line":24,"column":2},"end":{"line":24,"column":null}},"11":{"start":{"line":27,"column":6},"end":{"line":33,"column":null}},"12":{"start":{"line":28,"column":2},"end":{"line":33,"column":null}},"13":{"start":{"line":36,"column":6},"end":{"line":39,"column":null}},"14":{"start":{"line":37,"column":18},"end":{"line":37,"column":46}},"15":{"start":{"line":38,"column":2},"end":{"line":38,"column":null}},"16":{"start":{"line":38,"column":15},"end":{"line":38,"column":null}},"17":{"start":{"line":39,"column":2},"end":{"line":39,"column":null}},"18":{"start":{"line":42,"column":20},"end":{"line":47,"column":null}}},"fnMap":{"0":{"name":"(anonymous_0)","decl":{"start":{"line":5,"column":6},"end":{"line":5,"column":15}},"loc":{"start":{"line":5,"column":35},"end":{"line":20,"column":null}},"line":5},"1":{"name":"(anonymous_1)","decl":{"start":{"line":8,"column":5},"end":{"line":8,"column":11}},"loc":{"start":{"line":8,"column":24},"end":{"line":20,"column":null}},"line":8},"2":{"name":"(anonymous_2)","decl":{"start":{"line":23,"column":6},"end":{"line":23,"column":21}},"loc":{"start":{"line":23,"column":21},"end":{"line":24,"column":null}},"line":23},"3":{"name":"(anonymous_3)","decl":{"start":{"line":27,"column":6},"end":{"line":27,"column":18}},"loc":{"start":{"line":27,"column":60},"end":{"line":33,"column":null}},"line":27},"4":{"name":"(anonymous_4)","decl":{"start":{"line":36,"column":6},"end":{"line":36,"column":29}},"loc":{"start":{"line":36,"column":29},"end":{"line":39,"column":null}},"line":36}},"branchMap":{"0":{"loc":{"start":{"line":11,"column":6},"end":{"line":17,"column":null}},"type":"if","locations":[{"start":{"line":11,"column":6},"end":{"line":17,"column":null}},{"start":{},"end":{}}],"line":11},"1":{"loc":{"start":{"line":38,"column":2},"end":{"line":38,"column":null}},"type":"if","locations":[{"start":{"line":38,"column":2},"end":{"line":38,"column":null}},{"start":{},"end":{}}],"line":38}},"s":{"0":1,"1":1,"2":0,"3":0,"4":0,"5":0,"6":0,"7":0,"8":0,"9":1,"10":0,"11":1,"12":0,"13":1,"14":2,"15":2,"16":0,"17":2,"18":1},"f":{"0":0,"1":0,"2":0,"3":0,"4":2},"b":{"0":[0,0],"1":[0,2]},"meta":{"lastBranch":2,"lastFunction":5,"lastStatement":19,"seen":{"s:3:16:3:Infinity":0,"s:5:6:20:Infinity":1,"f:5:6:5:15":0,"s:6:2:20:Infinity":2,"f:8:5:8:11":1,"s:9:19:9:Infinity":3,"b:11:6:17:Infinity:undefined:undefined:undefined:undefined":0,"s:11:6:17:Infinity":4,"s:12:25:15:Infinity":5,"s:16:8:16:Infinity":6,"s:17:8:17:Infinity":7,"s:19:6:19:Infinity":8,"s:23:6:24:Infinity":9,"f:23:6:23:21":2,"s:24:2:24:Infinity":10,"s:27:6:33:Infinity":11,"f:27:6:27:18":3,"s:28:2:33:Infinity":12,"s:36:6:39:Infinity":13,"f:36:6:36:29":4,"s:37:18:37:46":14,"b:38:2:38:Infinity:undefined:undefined:undefined:undefined":1,"s:38:2:38:Infinity":15,"s:38:15:38:Infinity":16,"s:39:2:39:Infinity":17,"s:42:20:47:Infinity":18}}}
}
